0 info it worked if it ends with ok
1 verbose cli [ '/usr/local/bin/node', '/usr/local/bin/npm', 'publish', './' ]
2 info using npm@2.14.4
3 info using node@v4.1.1
4 verbose publish [ './' ]
5 silly cache add args [ './', null ]
6 verbose cache add spec ./
7 silly cache add parsed spec Result {
7 silly cache add   raw: './',
7 silly cache add   scope: null,
7 silly cache add   name: null,
7 silly cache add   rawSpec: './',
7 silly cache add   spec: '/home/ggalia84/Code/Node',
7 silly cache add   type: 'directory' }
8 verbose addLocalDirectory /home/ggalia84/.npm/mipaquetenpm/1.0.0/package.tgz not in flight; packing
9 verbose tar pack [ '/home/ggalia84/.npm/mipaquetenpm/1.0.0/package.tgz',
9 verbose tar pack   '/home/ggalia84/Code/Node' ]
10 verbose tarball /home/ggalia84/.npm/mipaquetenpm/1.0.0/package.tgz
11 verbose folder /home/ggalia84/Code/Node
12 info prepublish mipaquetenpm@1.0.0
13 verbose addLocalTarball adding from inside cache /home/ggalia84/.npm/mipaquetenpm/1.0.0/package.tgz
14 silly cache afterAdd mipaquetenpm@1.0.0
15 verbose afterAdd /home/ggalia84/.npm/mipaquetenpm/1.0.0/package/package.json not in flight; writing
16 verbose afterAdd /home/ggalia84/.npm/mipaquetenpm/1.0.0/package/package.json written
17 silly publish { name: 'mipaquetenpm',
17 silly publish   version: '1.0.0',
17 silly publish   description: 'HelloWorld',
17 silly publish   main: 'main.js',
17 silly publish   dependencies: { browserify: '^12.0.0' },
17 silly publish   devDependencies: {},
17 silly publish   scripts: { test: 'echo "Error: no test specified" && exit 1' },
17 silly publish   repository:
17 silly publish    { type: 'git',
17 silly publish      url: 'git+https://github.com/Germangalia/NodeJS-helloworld.git' },
17 silly publish   keywords: [ 'tonteries' ],
17 silly publish   author: { name: 'GGA' },
17 silly publish   license: 'ISC',
17 silly publish   bugs: { url: 'https://github.com/Germangalia/NodeJS-helloworld/issues' },
17 silly publish   homepage: 'https://github.com/Germangalia/NodeJS-helloworld#readme',
17 silly publish   readme: '# NodeJS-helloworld\n',
17 silly publish   readmeFilename: 'README.md',
17 silly publish   gitHead: 'a188b306db431379a11ac8253853cfa735f8c6a0',
17 silly publish   _id: 'mipaquetenpm@1.0.0',
17 silly publish   _shasum: '04bc89781dbf2e67f6a71024eb0f8451d9cd92fd',
17 silly publish   _from: '.' }
18 verbose getPublishConfig undefined
19 silly mapToRegistry name mipaquetenpm
20 silly mapToRegistry using default registry
21 silly mapToRegistry registry https://registry.npmjs.org/
22 silly mapToRegistry uri https://registry.npmjs.org/mipaquetenpm
23 verbose publish registryBase https://registry.npmjs.org/
24 silly publish uploading /home/ggalia84/.npm/mipaquetenpm/1.0.0/package.tgz
25 verbose request uri https://registry.npmjs.org/mipaquetenpm
26 verbose request sending authorization for write operation
27 info attempt registry request try #1 at 20:07:47
28 verbose request using bearer token for auth
29 verbose request id c7743e5722b3e276
30 http request PUT https://registry.npmjs.org/mipaquetenpm
31 http 403 https://registry.npmjs.org/mipaquetenpm
32 verbose headers { 'content-type': 'application/json',
32 verbose headers   'cache-control': 'max-age=60',
32 verbose headers   'content-length': '104',
32 verbose headers   'accept-ranges': 'bytes',
32 verbose headers   date: 'Tue, 27 Oct 2015 19:07:48 GMT',
32 verbose headers   via: '1.1 varnish',
32 verbose headers   connection: 'keep-alive',
32 verbose headers   'x-served-by': 'cache-lcy1120-LCY',
32 verbose headers   'x-cache': 'MISS',
32 verbose headers   'x-cache-hits': '0',
32 verbose headers   'x-timer': 'S1445972867.946076,VS0,VE691' }
33 verbose request invalidating /home/ggalia84/.npm/registry.npmjs.org/mipaquetenpm on PUT
34 error publish Failed PUT 403
35 verbose stack Error: You do not have permission to publish 'mipaquetenpm'. Are you logged in as the correct user? : mipaquetenpm
35 verbose stack     at makeError (/usr/local/lib/node_modules/npm/node_modules/npm-registry-client/lib/request.js:263:12)
35 verbose stack     at CachingRegistryClient.<anonymous> (/usr/local/lib/node_modules/npm/node_modules/npm-registry-client/lib/request.js:251:14)
35 verbose stack     at Request._callback (/usr/local/lib/node_modules/npm/node_modules/npm-registry-client/lib/request.js:171:14)
35 verbose stack     at Request.self.callback (/usr/local/lib/node_modules/npm/node_modules/request/request.js:198:22)
35 verbose stack     at emitTwo (events.js:87:13)
35 verbose stack     at Request.emit (events.js:172:7)
35 verbose stack     at Request.<anonymous> (/usr/local/lib/node_modules/npm/node_modules/request/request.js:1073:14)
35 verbose stack     at emitOne (events.js:82:20)
35 verbose stack     at Request.emit (events.js:169:7)
35 verbose stack     at IncomingMessage.<anonymous> (/usr/local/lib/node_modules/npm/node_modules/request/request.js:1019:12)
36 verbose statusCode 403
37 verbose pkgid mipaquetenpm
38 verbose cwd /home/ggalia84/Code/Node
39 error Linux 3.19.0-31-generic
40 error argv "/usr/local/bin/node" "/usr/local/bin/npm" "publish" "./"
41 error node v4.1.1
42 error npm  v2.14.4
43 error code E403
44 error You do not have permission to publish 'mipaquetenpm'. Are you logged in as the correct user? : mipaquetenpm
45 error If you need help, you may report this error at:
45 error     <https://github.com/npm/npm/issues>
46 verbose exit [ 1, true ]
